# JRE version: OpenJDK Runtime Environment (8.0_242-b08) (build 1.8.0_242-8u242-b08-0ubuntu3~18.04-b08)
# Java VM: OpenJDK 64-Bit Server VM (25.242-b08 mixed mode linux-amd64 compressed oops)
Heap:
 PSYoungGen      total 206336K, used 176163K [0x00000000f0000000, 0x0000000100000000, 0x0000000100000000)
  eden space 151552K, 93% used [0x00000000f0000000,0x00000000f89e2038,0x00000000f9400000)
  from space 54784K, 63% used [0x00000000fca80000,0x00000000feca6ca0,0x0000000100000000)
  to   space 55296K, 0% used [0x00000000f9400000,0x00000000f9400000,0x00000000fca00000)
 ParOldGen       total 524288K, used 76611K [0x00000000d0000000, 0x00000000f0000000, 0x00000000f0000000)
  object space 524288K, 14% used [0x00000000d0000000,0x00000000d4ad0d48,0x00000000f0000000)
 Metaspace       used 79608K, capacity 81922K, committed 82136K, reserved 1122304K
  class space    used 9192K, capacity 9940K, committed 9984K, reserved 1048576K
GC Heap History (10 events):
Event: 505.846 GC heap before
{Heap before GC invocations=31 (full 3):
 PSYoungGen      total 219648K, used 219251K [0x00000000f0000000, 0x0000000100000000, 0x0000000100000000)
  eden space 187392K, 100% used [0x00000000f0000000,0x00000000fb700000,0x00000000fb700000)
  from space 32256K, 98% used [0x00000000fb700000,0x00000000fd61cd68,0x00000000fd680000)
  to   space 40448K, 0% used [0x00000000fd880000,0x00000000fd880000,0x0000000100000000)
 ParOldGen       total 524288K, used 76571K [0x00000000d0000000, 0x00000000f0000000, 0x00000000f0000000)
  object space 524288K, 14% used [0x00000000d0000000,0x00000000d4ac6d48,0x00000000f0000000)
 Metaspace       used 71374K, capacity 73268K, committed 73432K, reserved 1114112K
  class space    used 8783K, capacity 9440K, committed 9472K, reserved 1048576K
Event: 505.860 GC heap after
Heap after GC invocations=31 (full 3):
 PSYoungGen      total 209408K, used 40160K [0x00000000f0000000, 0x0000000100000000, 0x0000000100000000)
  eden space 168960K, 0% used [0x00000000f0000000,0x00000000f0000000,0x00000000fa500000)
  from space 40448K, 99% used [0x00000000fd880000,0x00000000fffb8008,0x0000000100000000)
  to   space 46592K, 0% used [0x00000000fa500000,0x00000000fa500000,0x00000000fd280000)
 ParOldGen       total 524288K, used 76579K [0x00000000d0000000, 0x00000000f0000000, 0x00000000f0000000)
  object space 524288K, 14% used [0x00000000d0000000,0x00000000d4ac8d48,0x00000000f0000000)
 Metaspace       used 71374K, capacity 73268K, committed 73432K, reserved 1114112K
  class space    used 8783K, capacity 9440K, committed 9472K, reserved 1048576K
}
Event: 705.405 GC heap before
{Heap before GC invocations=32 (full 3):
 PSYoungGen      total 209408K, used 209120K [0x00000000f0000000, 0x0000000100000000, 0x0000000100000000)
  eden space 168960K, 100% used [0x00000000f0000000,0x00000000fa500000,0x00000000fa500000)
  from space 40448K, 99% used [0x00000000fd880000,0x00000000fffb8008,0x0000000100000000)
  to   space 46592K, 0% used [0x00000000fa500000,0x00000000fa500000,0x00000000fd280000)
 ParOldGen       total 524288K, used 76579K [0x00000000d0000000, 0x00000000f0000000, 0x00000000f0000000)
  object space 524288K, 14% used [0x00000000d0000000,0x00000000d4ac8d48,0x00000000f0000000)
 Metaspace       used 73488K, capacity 75470K, committed 75608K, reserved 1116160K
  class space    used 8864K, capacity 9519K, committed 9600K, reserved 1048576K
Event: 705.419 GC heap after
Heap after GC invocations=32 (full 3):
 PSYoungGen      total 210432K, used 41237K [0x00000000f0000000, 0x0000000100000000, 0x0000000100000000)
  eden space 168960K, 0% used [0x00000000f0000000,0x00000000f0000000,0x00000000fa500000)
  from space 41472K, 99% used [0x00000000fa500000,0x00000000fcd456a8,0x00000000fcd80000)
  to   space 51200K, 0% used [0x00000000fce00000,0x00000000fce00000,0x0000000100000000)
 ParOldGen       total 524288K, used 76587K [0x00000000d0000000, 0x00000000f0000000, 0x00000000f0000000)
  object space 524288K, 14% used [0x00000000d0000000,0x00000000d4acad48,0x00000000f0000000)
 Metaspace       used 73488K, capacity 75470K, committed 75608K, reserved 1116160K
  class space    used 8864K, capacity 9519K, committed 9600K, reserved 1048576K
}
Event: 3030.822 GC heap before
{Heap before GC invocations=33 (full 3):
 PSYoungGen      total 210432K, used 210197K [0x00000000f0000000, 0x0000000100000000, 0x0000000100000000)
  eden space 168960K, 100% used [0x00000000f0000000,0x00000000fa500000,0x00000000fa500000)
  from space 41472K, 99% used [0x00000000fa500000,0x00000000fcd456a8,0x00000000fcd80000)
  to   space 51200K, 0% used [0x00000000fce00000,0x00000000fce00000,0x0000000100000000)
 ParOldGen       total 524288K, used 76587K [0x00000000d0000000, 0x00000000f0000000, 0x00000000f0000000)
  object space 524288K, 14% used [0x00000000d0000000,0x00000000d4acad48,0x00000000f0000000)
 Metaspace       used 74380K, capacity 76348K, committed 76632K, reserved 1116160K
  class space    used 8900K, capacity 9564K, committed 9600K, reserved 1048576K
Event: 3030.842 GC heap after
Heap after GC invocations=33 (full 3):
 PSYoungGen      total 202752K, used 40906K [0x00000000f0000000, 0x0000000100000000, 0x0000000100000000)
  eden space 151552K, 0% used [0x00000000f0000000,0x00000000f0000000,0x00000000f9400000)
  from space 51200K, 79% used [0x00000000fce00000,0x00000000ff5f2aa8,0x0000000100000000)
  to   space 55296K, 0% used [0x00000000f9400000,0x00000000f9400000,0x00000000fca00000)
 ParOldGen       total 524288K, used 76595K [0x00000000d0000000, 0x00000000f0000000, 0x00000000f0000000)
  object space 524288K, 14% used [0x00000000d0000000,0x00000000d4accd48,0x00000000f0000000)
 Metaspace       used 74380K, capacity 76348K, committed 76632K, reserved 1116160K
  class space    used 8900K, capacity 9564K, committed 9600K, reserved 1048576K
}
Event: 3701.239 GC heap before
{Heap before GC invocations=34 (full 3):
 PSYoungGen      total 202752K, used 192458K [0x00000000f0000000, 0x0000000100000000, 0x0000000100000000)
  eden space 151552K, 100% used [0x00000000f0000000,0x00000000f9400000,0x00000000f9400000)
  from space 51200K, 79% used [0x00000000fce00000,0x00000000ff5f2aa8,0x0000000100000000)
  to   space 55296K, 0% used [0x00000000f9400000,0x00000000f9400000,0x00000000fca00000)
 ParOldGen       total 524288K, used 76595K [0x00000000d0000000, 0x00000000f0000000, 0x00000000f0000000)
  object space 524288K, 14% used [0x00000000d0000000,0x00000000d4accd48,0x00000000f0000000)
 Metaspace       used 77116K, capacity 79142K, committed 79320K, reserved 1118208K
  class space    used 9012K, capacity 9698K, committed 9728K, reserved 1048576K
Event: 3701.255 GC heap after
Heap after GC invocations=34 (full 3):
 PSYoungGen      total 206848K, used 31641K [0x00000000f0000000, 0x0000000100000000, 0x0000000100000000)
  eden space 151552K, 0% used [0x00000000f0000000,0x00000000f0000000,0x00000000f9400000)
  from space 55296K, 57% used [0x00000000f9400000,0x00000000fb2e6680,0x00000000fca00000)
  to   space 54784K, 0% used [0x00000000fca80000,0x00000000fca80000,0x0000000100000000)
 ParOldGen       total 524288K, used 76603K [0x00000000d0000000, 0x00000000f0000000, 0x00000000f0000000)
  object space 524288K, 14% used [0x00000000d0000000,0x00000000d4aced48,0x00000000f0000000)
 Metaspace       used 77116K, capacity 79142K, committed 79320K, reserved 1118208K
  class space    used 9012K, capacity 9698K, committed 9728K, reserved 1048576K
}
Event: 3704.183 GC heap before
{Heap before GC invocations=35 (full 3):
 PSYoungGen      total 206848K, used 183193K [0x00000000f0000000, 0x0000000100000000, 0x0000000100000000)
  eden space 151552K, 100% used [0x00000000f0000000,0x00000000f9400000,0x00000000f9400000)
  from space 55296K, 57% used [0x00000000f9400000,0x00000000fb2e6680,0x00000000fca00000)
  to   space 54784K, 0% used [0x00000000fca80000,0x00000000fca80000,0x0000000100000000)
 ParOldGen       total 524288K, used 76603K [0x00000000d0000000, 0x00000000f0000000, 0x00000000f0000000)
  object space 524288K, 14% used [0x00000000d0000000,0x00000000d4aced48,0x00000000f0000000)
 Metaspace       used 79222K, capacity 81248K, committed 81496K, reserved 1120256K
  class space    used 9118K, capacity 9813K, committed 9856K, reserved 1048576K
Event: 3704.197 GC heap after
Heap after GC invocations=35 (full 3):
 PSYoungGen      total 206336K, used 34971K [0x00000000f0000000, 0x0000000100000000, 0x0000000100000000)
  eden space 151552K, 0% used [0x00000000f0000000,0x00000000f0000000,0x00000000f9400000)
  from space 54784K, 63% used [0x00000000fca80000,0x00000000feca6ca0,0x0000000100000000)
  to   space 55296K, 0% used [0x00000000f9400000,0x00000000f9400000,0x00000000fca00000)
 ParOldGen       total 524288K, used 76611K [0x00000000d0000000, 0x00000000f0000000, 0x00000000f0000000)
  object space 524288K, 14% used [0x00000000d0000000,0x00000000d4ad0d48,0x00000000f0000000)
 Metaspace       used 79222K, capacity 81248K, committed 81496K, reserved 1120256K
  class space    used 9118K, capacity 9813K, committed 9856K, reserved 1048576K
}

